<?xml version="1.0" encoding="UTF-8"?>
<testng-results ignored="0" total="1" passed="1" failed="0" skipped="0">
  <reporter-output>
  </reporter-output>
  <suite started-at="2022-05-19T16:15:45 MDT" name="Default suite" finished-at="2022-05-19T16:16:38 MDT" duration-ms="53202">
    <groups>
    </groups>
    <test started-at="2022-05-19T16:15:45 MDT" name="Default test" finished-at="2022-05-19T16:16:38 MDT" duration-ms="53202">
      <class name="Section8.Assign3">
        <test-method signature="assignment()[pri:0, instance:Section8.Assign3@258ee7de]" started-at="2022-05-19T16:15:45 MDT" name="assignment" finished-at="2022-05-19T16:16:38 MDT" duration-ms="52981" status="PASS">
          <reporter-output>
          </reporter-output>
        </test-method> <!-- assignment -->
      </class> <!-- Section8.Assign3 -->
    </test> <!-- Default test -->
  </suite> <!-- Default suite -->
</testng-results>
